<?xml version="1.0" encoding="UTF-8"?>
<testng-results skipped="0" failed="0" total="1" passed="1">
  <reporter-output>
  </reporter-output>
  <suite name="Default suite" duration-ms="93422" started-at="2025-04-16T04:50:53Z" finished-at="2025-04-16T04:52:26Z">
    <groups>
    </groups>
    <test name="Default test" duration-ms="93422" started-at="2025-04-16T04:50:53Z" finished-at="2025-04-16T04:52:26Z">
      <class name="tests.HomePageTest">
        <test-method status="PASS" signature="setup()[pri:0, instance:tests.HomePageTest@2d2e5f00]" name="setup" is-config="true" duration-ms="20725" started-at="2025-04-16T10:20:53Z" finished-at="2025-04-16T10:21:13Z">
          <reporter-output>
          </reporter-output>
        </test-method> <!-- setup -->
        <test-method status="PASS" signature="verifyHomePageLoads()[pri:0, instance:tests.HomePageTest@2d2e5f00]" name="verifyHomePageLoads" duration-ms="72573" started-at="2025-04-16T10:21:13Z" finished-at="2025-04-16T10:22:26Z">
          <reporter-output>
          </reporter-output>
        </test-method> <!-- verifyHomePageLoads -->
        <test-method status="PASS" signature="tearDown()[pri:0, instance:tests.HomePageTest@2d2e5f00]" name="tearDown" is-config="true" duration-ms="0" started-at="2025-04-16T10:22:26Z" finished-at="2025-04-16T10:22:26Z">
          <reporter-output>
          </reporter-output>
        </test-method> <!-- tearDown -->
      </class> <!-- tests.HomePageTest -->
    </test> <!-- Default test -->
  </suite> <!-- Default suite -->
</testng-results>
